Build started 4/8/2014 3:24:18 PM.
     1>Project "C:\Users\RezaulAkram\Documents\Projects\cs599\Exercise6\exercise6\exercise-6\Project\viewer.vcxproj" on node 3 (build target(s)).
     1>InitializeBuildStatus:
         Creating "viewer.dir\Debug\viewer.unsuccessfulbuild" because "AlwaysCreate" was specified.
       CustomBuild:
         All outputs are up-to-date.
       ClCompile:
         All outputs are up-to-date.
       ManifestResourceCompile:
         All outputs are up-to-date.
       Link:
         All outputs are up-to-date.
       Manifest:
         All outputs are up-to-date.
       FinalizeBuildStatus:
         Deleting file "viewer.dir\Debug\viewer.unsuccessfulbuild".
         Touching "viewer.dir\Debug\viewer.lastbuildstate".
     1>Done Building Project "C:\Users\RezaulAkram\Documents\Projects\cs599\Exercise6\exercise6\exercise-6\Project\viewer.vcxproj" (build target(s)).

Build succeeded.

Time Elapsed 00:00:03.02
