Build started 1/29/2014 12:59:07 PM.
     1>Project "C:\Users\RezaulAkram\Documents\Projects\cs599\extracted\exercise1.vcxproj" on node 2 (build target(s)).
     1>InitializeBuildStatus:
         Touching "exercise1.dir\MinSizeRel\exercise1.unsuccessfulbuild".
       CustomBuild:
         All outputs are up-to-date.
       ClCompile:
         All outputs are up-to-date.
       Link:
         C:\Program Files\Microsoft Visual Studio 10.0\VC\bin\link.exe /ERRORREPORT:PROMPT /OUT:"C:\Users\RezaulAkram\Documents\Projects\cs599\exercise1\bin\MinSizeRel\exercise1.exe" /INCREMENTAL:NO /NOLOGO kernel32.lib user32.lib gdi32.lib winspool.lib shell32.lib ole32.lib oleaut32.lib uuid.lib comdlg32.lib advapi32.lib glu32.lib opengl32.lib "C:\freeglut-2.8.1\freeglut-2.8.1\lib\x86\freeglut.lib" "C:\OpenMesh-2.4.1\lib\libOpenMeshCore.lib" "C:\OpenMesh-2.4.1\lib\libOpenMeshTools.lib" /MANIFEST /ManifestFile:"exercise1.dir\MinSizeRel\exercise1.exe.intermediate.manifest" /MANIFESTUAC:"level='asInvoker' uiAccess='false'" /PDB:"C:/Users/RezaulAkram/Documents/Projects/cs599/exercise1/bin/MinSizeRel/exercise1.pdb" /SUBSYSTEM:CONSOLE /TLBID:1 /DYNAMICBASE /NXCOMPAT /IMPLIB:"C:/Users/RezaulAkram/Documents/Projects/cs599/exercise1/lib/MinSizeRel/exercise1.lib" /MACHINE:X86 exercise1.dir\MinSizeRel\GlutExaminer.obj
         exercise1.dir\MinSizeRel\GlutViewer.obj
         exercise1.dir\MinSizeRel\MeshViewer.obj
         exercise1.dir\MinSizeRel\valenceview.obj
         exercise1.dir\MinSizeRel\ValenceViewer.obj  /machine:X86 
         exercise1.vcxproj -> C:\Users\RezaulAkram\Documents\Projects\cs599\exercise1\bin\MinSizeRel\exercise1.exe
       Manifest:
         C:\Program Files\Microsoft SDKs\Windows\v7.0A\bin\mt.exe /nologo /verbose /outputresource:"C:\Users\RezaulAkram\Documents\Projects\cs599\exercise1\bin\MinSizeRel\exercise1.exe;#1" /manifest exercise1.dir\MinSizeRel\exercise1.exe.intermediate.manifest
       FinalizeBuildStatus:
         Deleting file "exercise1.dir\MinSizeRel\exercise1.unsuccessfulbuild".
         Touching "exercise1.dir\MinSizeRel\exercise1.lastbuildstate".
     1>Done Building Project "C:\Users\RezaulAkram\Documents\Projects\cs599\extracted\exercise1.vcxproj" (build target(s)).

Build succeeded.

Time Elapsed 00:00:00.64
