Build started 3/12/2014 11:36:40 PM.
     1>Project "C:\Users\RezaulAkram\Documents\Projects\cs599\Exercise4\Exercise4Proj\smooth.vcxproj" on node 2 (build target(s)).
     1>InitializeBuildStatus:
         Creating "smooth.dir\Debug\smooth.unsuccessfulbuild" because "AlwaysCreate" was specified.
       CustomBuild:
         All outputs are up-to-date.
       ClCompile:
         C:\Program Files\Microsoft Visual Studio 10.0\VC\bin\CL.exe /c /I"C:\freeglut-2.8.1\freeglut-2.8.1\include" /I"C:\OpenMesh-2.4.1\src" /IC:\Users\RezaulAkram\Documents\Projects\cs599\Exercise4\Exercise4\Exercise4 /Zi /nologo /W3 /WX- /Od /Ob0 /Oy- /D WIN32 /D _WINDOWS /D _DEBUG /D _USE_MATH_DEFINES /D "CMAKE_INTDIR=\"Debug\"" /D _MBCS /Gm- /EHsc /RTC1 /MDd /GS /fp:precise /Zc:wchar_t /Zc:forScope /GR /Fo"smooth.dir\Debug\\" /Fd"smooth.dir\Debug\vc100.pdb" /Gd /TP /analyze- /errorReport:prompt ..\Exercise4\Exercise4\QualityViewer.cc
         QualityViewer.cc
     1>..\Exercise4\Exercise4\QualityViewer.cc(193): warning C4244: '+=' : conversion from 'double' to 'float', possible loss of data
     1>..\Exercise4\Exercise4\QualityViewer.cc(199): warning C4244: '+=' : conversion from 'double' to 'float', possible loss of data
     1>..\Exercise4\Exercise4\QualityViewer.cc(221): warning C4244: '=' : conversion from 'double' to 'float', possible loss of data
     1>..\Exercise4\Exercise4\QualityViewer.cc(259): warning C4244: '=' : conversion from 'double' to 'float', possible loss of data
     1>..\Exercise4\Exercise4\QualityViewer.cc(285): warning C4244: 'argument' : conversion from 'long' to 'const float', possible loss of data
     1>..\Exercise4\Exercise4\QualityViewer.cc(288): warning C4244: '=' : conversion from 'double' to 'float', possible loss of data
     1>..\Exercise4\Exercise4\QualityViewer.cc(338): warning C4244: '=' : conversion from 'double' to 'float', possible loss of data
     1>..\Exercise4\Exercise4\QualityViewer.cc(368): warning C4620: no postfix form of 'operator ++' found for type 'OpenMesh::Iterators::ConstFaceVertexIterT<Mesh>', using prefix form
                 with
                 [
                     Mesh=OpenMesh::PolyConnectivity::This
                 ]
     1>..\Exercise4\Exercise4\QualityViewer.cc(369): warning C4620: no postfix form of 'operator ++' found for type 'OpenMesh::Iterators::ConstFaceVertexIterT<Mesh>', using prefix form
                 with
                 [
                     Mesh=OpenMesh::PolyConnectivity::This
                 ]
     1>..\Exercise4\Exercise4\QualityViewer.cc(370): warning C4620: no postfix form of 'operator ++' found for type 'OpenMesh::Iterators::ConstFaceVertexIterT<Mesh>', using prefix form
                 with
                 [
                     Mesh=OpenMesh::PolyConnectivity::This
                 ]
     1>..\Exercise4\Exercise4\QualityViewer.cc(465): warning C4244: '=' : conversion from 'double' to 'float', possible loss of data
     1>..\Exercise4\Exercise4\QualityViewer.cc(466): warning C4244: '=' : conversion from 'double' to 'float', possible loss of data
     1>..\Exercise4\Exercise4\QualityViewer.cc(467): warning C4244: '=' : conversion from 'double' to 'float', possible loss of data
     1>..\Exercise4\Exercise4\QualityViewer.cc(468): warning C4244: '=' : conversion from 'double' to 'float', possible loss of data
     1>..\Exercise4\Exercise4\QualityViewer.cc(469): warning C4244: '=' : conversion from 'double' to 'float', possible loss of data
     1>..\Exercise4\Exercise4\QualityViewer.cc(574): warning C4305: 'argument' : truncation from 'double' to 'GLfloat'
     1>..\Exercise4\Exercise4\QualityViewer.cc(574): warning C4305: 'argument' : truncation from 'double' to 'GLfloat'
     1>..\Exercise4\Exercise4\QualityViewer.cc(574): warning C4305: 'argument' : truncation from 'double' to 'GLfloat'
       ManifestResourceCompile:
         All outputs are up-to-date.
       Link:
         C:\Program Files\Microsoft Visual Studio 10.0\VC\bin\link.exe /ERRORREPORT:PROMPT /OUT:"C:\Users\RezaulAkram\Documents\Projects\cs599\Exercise4\Exercise4\Exercise4\bin\Debug\smooth.exe" /INCREMENTAL /NOLOGO kernel32.lib user32.lib gdi32.lib winspool.lib shell32.lib ole32.lib oleaut32.lib uuid.lib comdlg32.lib advapi32.lib glu32.lib opengl32.lib "C:\freeglut-2.8.1\freeglut-2.8.1\lib\x86\freeglut.lib" "C:\OpenMesh-2.4.1\lib\libOpenMeshCored.lib" "C:\OpenMesh-2.4.1\lib\libOpenMeshToolsd.lib" /MANIFEST /ManifestFile:"smooth.dir\Debug\smooth.exe.intermediate.manifest" /MANIFESTUAC:"level='asInvoker' uiAccess='false'" /DEBUG /PDB:"C:/Users/RezaulAkram/Documents/Projects/cs599/Exercise4/Exercise4/Exercise4/bin/Debug/smooth.pdb" /SUBSYSTEM:CONSOLE /TLBID:1 /DYNAMICBASE /NXCOMPAT /IMPLIB:"C:/Users/RezaulAkram/Documents/Projects/cs599/Exercise4/Exercise4/Exercise4/lib/Debug/smooth.lib" /MACHINE:X86 smooth.dir\Debug\smooth.exe.embed.manifest.res
         smooth.dir\Debug\GlutExaminer.obj
         smooth.dir\Debug\GlutViewer.obj
         smooth.dir\Debug\MeshViewer.obj
         smooth.dir\Debug\QualityViewer.obj
         smooth.dir\Debug\smoother.obj
         smooth.dir\Debug\SmoothingViewer.obj  /machine:X86 /debug 
       Manifest:
         C:\Program Files\Microsoft SDKs\Windows\v7.0A\bin\mt.exe /nologo /verbose /out:"smooth.dir\Debug\smooth.exe.embed.manifest" /manifest smooth.dir\Debug\smooth.exe.intermediate.manifest
         All outputs are up-to-date.
       LinkEmbedManifest:
         All outputs are up-to-date.
         smooth.vcxproj -> C:\Users\RezaulAkram\Documents\Projects\cs599\Exercise4\Exercise4\Exercise4\bin\Debug\smooth.exe
       FinalizeBuildStatus:
         Deleting file "smooth.dir\Debug\smooth.unsuccessfulbuild".
         Touching "smooth.dir\Debug\smooth.lastbuildstate".
     1>Done Building Project "C:\Users\RezaulAkram\Documents\Projects\cs599\Exercise4\Exercise4Proj\smooth.vcxproj" (build target(s)).

Build succeeded.

Time Elapsed 00:00:03.44
