Build started 3/3/2014 11:09:41 PM.
     1>Project "C:\Users\RezaulAkram\Documents\Projects\cs599\Exercise3\Exercise3\Exercise3\isoex.vcxproj" on node 2 (build target(s)).
     1>PrepareForBuild:
         Creating directory "C:\Users\RezaulAkram\Documents\Projects\cs599\Exercise3\Exercise3\Exercise3\lib\Release\".
       InitializeBuildStatus:
         Creating "isoex.dir\Release\isoex.unsuccessfulbuild" because "AlwaysCreate" was specified.
       CustomBuild:
         Building Custom Rule C:/Users/RezaulAkram/Documents/Projects/cs599/Exercise3/Exercise3/Exercise3/CMakeLists.txt
         CMake does not need to re-run because C:\Users\RezaulAkram\Documents\Projects\cs599\Exercise3\Exercise3\Exercise3\CMakeFiles\generate.stamp is up-to-date.
       ClCompile:
         C:\Program Files\Microsoft Visual Studio 10.0\VC\bin\CL.exe /c /I"C:\freeglut-2.8.1\freeglut-2.8.1\include" /I"C:\OpenMesh-2.4.1\src" /IC:\Users\RezaulAkram\Documents\Projects\cs599\Exercise3\Exercise3\Exercise3 /IC:\Users\RezaulAkram\Documents\Projects\cs599\Exercise3\Exercise3\Exercise3\gmm /nologo /W3 /WX- /O2 /Ob2 /Oy- /D WIN32 /D _WINDOWS /D NDEBUG /D _USE_MATH_DEFINES /D INCLUDE_TEMPLATES /D "CMAKE_INTDIR=\"Release\"" /D _MBCS /Gm- /EHsc /MD /GS /fp:precise /Zc:wchar_t /Zc:forScope /GR /Fo"isoex.dir\Release\\" /Fd"isoex.dir\Release\vc100.pdb" /Gd /TP /analyze- /errorReport:prompt isoex\Extractors\ExtendedMarchingCubesT.cc isoex\Extractors\MarchingCubesT.cc isoex\Extractors\MCTables.cc isoex\Grids\RegularGrid.cc isoex\Grids\ScalarGridT.cc isoex\Math\svd.cc
         ExtendedMarchingCubesT.cc
         MarchingCubesT.cc
         MCTables.cc
         RegularGrid.cc
         ScalarGridT.cc
         svd.cc
         Generating Code...
       Lib:
         C:\Program Files\Microsoft Visual Studio 10.0\VC\bin\Lib.exe /OUT:"C:\Users\RezaulAkram\Documents\Projects\cs599\Exercise3\Exercise3\Exercise3\lib\Release\isoex.lib" /NOLOGO isoex.dir\Release\ExtendedMarchingCubesT.obj
         isoex.dir\Release\MarchingCubesT.obj
         isoex.dir\Release\MCTables.obj
         isoex.dir\Release\RegularGrid.obj
         isoex.dir\Release\ScalarGridT.obj
         isoex.dir\Release\svd.obj
     1>MarchingCubesT.obj : warning LNK4221: This object file does not define any previously undefined public symbols, so it will not be used by any link operation that consumes this library
     1>ExtendedMarchingCubesT.obj : warning LNK4221: This object file does not define any previously undefined public symbols, so it will not be used by any link operation that consumes this library
         isoex.vcxproj -> C:\Users\RezaulAkram\Documents\Projects\cs599\Exercise3\Exercise3\Exercise3\lib\Release\isoex.lib
       FinalizeBuildStatus:
         Deleting file "isoex.dir\Release\isoex.unsuccessfulbuild".
         Touching "isoex.dir\Release\isoex.lastbuildstate".
     1>Done Building Project "C:\Users\RezaulAkram\Documents\Projects\cs599\Exercise3\Exercise3\Exercise3\isoex.vcxproj" (build target(s)).

Build succeeded.

Time Elapsed 00:00:04.05
