C:\USERS\REZAULAKRAM\DOCUMENTS\PROJECTS\CS599\EXERCISE2\EXERCISE2\EXERCISE2\BIN\DEBUG\EXERCISE2.EXE
C:\USERS\REZAULAKRAM\DOCUMENTS\PROJECTS\CS599\EXERCISE2\EXERCISE2\EXERCISE2\BIN\DEBUG\EXERCISE2.ILK
C:\USERS\REZAULAKRAM\DOCUMENTS\PROJECTS\CS599\EXERCISE2\EXERCISE2\EXERCISE2\BIN\DEBUG\EXERCISE2.PDB
C:\USERS\REZAULAKRAM\DOCUMENTS\PROJECTS\CS599\EXERCISE2\PROJECT\CMAKEFILES\GENERATE.STAMP
C:\Users\RezaulAkram\Documents\Projects\cs599\Exercise2\project\exercise2.dir\Debug\cl.command.1.tlog
C:\Users\RezaulAkram\Documents\Projects\cs599\Exercise2\project\exercise2.dir\Debug\CL.read.1.tlog
C:\Users\RezaulAkram\Documents\Projects\cs599\Exercise2\project\exercise2.dir\Debug\CL.write.1.tlog
C:\USERS\REZAULAKRAM\DOCUMENTS\PROJECTS\CS599\EXERCISE2\PROJECT\EXERCISE2.DIR\DEBUG\CLOSESTPOINT.OBJ
C:\Users\RezaulAkram\Documents\Projects\cs599\Exercise2\project\exercise2.dir\Debug\custombuild.command.1.tlog
C:\Users\RezaulAkram\Documents\Projects\cs599\Exercise2\project\exercise2.dir\Debug\custombuild.read.1.tlog
C:\Users\RezaulAkram\Documents\Projects\cs599\Exercise2\project\exercise2.dir\Debug\custombuild.write.1.tlog
C:\USERS\REZAULAKRAM\DOCUMENTS\PROJECTS\CS599\EXERCISE2\PROJECT\EXERCISE2.DIR\DEBUG\EXERCISE2.EXE.EMBED.MANIFEST
C:\USERS\REZAULAKRAM\DOCUMENTS\PROJECTS\CS599\EXERCISE2\PROJECT\EXERCISE2.DIR\DEBUG\EXERCISE2.EXE.EMBED.MANIFEST.RES
C:\USERS\REZAULAKRAM\DOCUMENTS\PROJECTS\CS599\EXERCISE2\PROJECT\EXERCISE2.DIR\DEBUG\EXERCISE2.EXE.INTERMEDIATE.MANIFEST
C:\Users\RezaulAkram\Documents\Projects\cs599\Exercise2\project\exercise2.dir\Debug\exercise2.vcxprojResolveAssemblyReference.cache
C:\Users\RezaulAkram\Documents\Projects\cs599\Exercise2\project\exercise2.dir\Debug\exercise2.write.1.tlog
C:\Users\RezaulAkram\Documents\Projects\cs599\Exercise2\project\exercise2.dir\Debug\exercise2_manifest.rc
C:\USERS\REZAULAKRAM\DOCUMENTS\PROJECTS\CS599\EXERCISE2\PROJECT\EXERCISE2.DIR\DEBUG\GLUTEXAMINER.OBJ
C:\USERS\REZAULAKRAM\DOCUMENTS\PROJECTS\CS599\EXERCISE2\PROJECT\EXERCISE2.DIR\DEBUG\GLUTVIEWER.OBJ
C:\Users\RezaulAkram\Documents\Projects\cs599\Exercise2\project\exercise2.dir\Debug\link.5520.read.1.tlog
C:\Users\RezaulAkram\Documents\Projects\cs599\Exercise2\project\exercise2.dir\Debug\link.5520.write.1.tlog
C:\Users\RezaulAkram\Documents\Projects\cs599\Exercise2\project\exercise2.dir\Debug\link.5520-cvtres.read.1.tlog
C:\Users\RezaulAkram\Documents\Projects\cs599\Exercise2\project\exercise2.dir\Debug\link.5520-cvtres.write.1.tlog
C:\Users\RezaulAkram\Documents\Projects\cs599\Exercise2\project\exercise2.dir\Debug\link.command.1.tlog
C:\Users\RezaulAkram\Documents\Projects\cs599\Exercise2\project\exercise2.dir\Debug\link.read.1.tlog
C:\Users\RezaulAkram\Documents\Projects\cs599\Exercise2\project\exercise2.dir\Debug\link.write.1.tlog
C:\Users\RezaulAkram\Documents\Projects\cs599\Exercise2\project\exercise2.dir\Debug\link-cvtres.read.1.tlog
C:\Users\RezaulAkram\Documents\Projects\cs599\Exercise2\project\exercise2.dir\Debug\link-cvtres.write.1.tlog
C:\Users\RezaulAkram\Documents\Projects\cs599\Exercise2\project\exercise2.dir\Debug\mt.command.1.tlog
C:\Users\RezaulAkram\Documents\Projects\cs599\Exercise2\project\exercise2.dir\Debug\mt.read.1.tlog
C:\Users\RezaulAkram\Documents\Projects\cs599\Exercise2\project\exercise2.dir\Debug\mt.write.1.tlog
C:\Users\RezaulAkram\Documents\Projects\cs599\Exercise2\project\exercise2.dir\Debug\rc.command.1.tlog
C:\Users\RezaulAkram\Documents\Projects\cs599\Exercise2\project\exercise2.dir\Debug\rc.read.1.tlog
C:\Users\RezaulAkram\Documents\Projects\cs599\Exercise2\project\exercise2.dir\Debug\rc.write.1.tlog
C:\USERS\REZAULAKRAM\DOCUMENTS\PROJECTS\CS599\EXERCISE2\PROJECT\EXERCISE2.DIR\DEBUG\REGISTRATION.OBJ
C:\USERS\REZAULAKRAM\DOCUMENTS\PROJECTS\CS599\EXERCISE2\PROJECT\EXERCISE2.DIR\DEBUG\REGISTRATIONVIEW.OBJ
C:\USERS\REZAULAKRAM\DOCUMENTS\PROJECTS\CS599\EXERCISE2\PROJECT\EXERCISE2.DIR\DEBUG\REGISTRATIONVIEWER.OBJ
C:\USERS\REZAULAKRAM\DOCUMENTS\PROJECTS\CS599\EXERCISE2\PROJECT\EXERCISE2.DIR\DEBUG\TRANSFORMATION.OBJ
C:\USERS\REZAULAKRAM\DOCUMENTS\PROJECTS\CS599\EXERCISE2\PROJECT\EXERCISE2.DIR\DEBUG\VC100.PDB
