Build started 3/26/2014 11:03:02 PM.
     1>Project "C:\Users\RezaulAkram\Documents\Projects\cs599\Exercise5\Exercise5\Exercise5\Project\decimation.vcxproj" on node 2 (build target(s)).
     1>InitializeBuildStatus:
         Creating "decimation.dir\Debug\decimation.unsuccessfulbuild" because "AlwaysCreate" was specified.
       CustomBuild:
         All outputs are up-to-date.
       ClCompile:
         C:\Program Files\Microsoft Visual Studio 10.0\VC\bin\CL.exe /c /I"C:\freeglut-2.8.1\freeglut-2.8.1\include" /I"C:\OpenMesh-2.4.1\src" /IC:\Users\RezaulAkram\Documents\Projects\cs599\Exercise5\Exercise5\Exercise5 /Zi /nologo /W3 /WX- /Od /Ob0 /Oy- /D WIN32 /D _WINDOWS /D _DEBUG /D _USE_MATH_DEFINES /D "CMAKE_INTDIR=\"Debug\"" /D _MBCS /Gm- /EHsc /RTC1 /MDd /GS /fp:precise /Zc:wchar_t /Zc:forScope /GR /Fo"decimation.dir\Debug\\" /Fd"decimation.dir\Debug\vc100.pdb" /Gd /TP /analyze- /errorReport:prompt ..\deci.cc
         deci.cc
     1>..\deci.cc(243): warning C4244: 'initializing' : conversion from 'double' to 'float', possible loss of data
       ManifestResourceCompile:
         All outputs are up-to-date.
       Link:
         C:\Program Files\Microsoft Visual Studio 10.0\VC\bin\link.exe /ERRORREPORT:PROMPT /OUT:"C:\Users\RezaulAkram\Documents\Projects\cs599\Exercise5\Exercise5\Exercise5\bin\Debug\decimation.exe" /INCREMENTAL /NOLOGO kernel32.lib user32.lib gdi32.lib winspool.lib shell32.lib ole32.lib oleaut32.lib uuid.lib comdlg32.lib advapi32.lib glu32.lib opengl32.lib "C:\freeglut-2.8.1\freeglut-2.8.1\lib\x86\freeglut.lib" "C:\OpenMesh-2.4.1\lib\libOpenMeshCored.lib" "C:\OpenMesh-2.4.1\lib\libOpenMeshToolsd.lib" /MANIFEST /ManifestFile:"decimation.dir\Debug\decimation.exe.intermediate.manifest" /MANIFESTUAC:"level='asInvoker' uiAccess='false'" /DEBUG /PDB:"C:/Users/RezaulAkram/Documents/Projects/cs599/Exercise5/Exercise5/Exercise5/bin/Debug/decimation.pdb" /SUBSYSTEM:CONSOLE /TLBID:1 /DYNAMICBASE /NXCOMPAT /IMPLIB:"C:/Users/RezaulAkram/Documents/Projects/cs599/Exercise5/Exercise5/Exercise5/lib/Debug/decimation.lib" /MACHINE:X86 decimation.dir\Debug\decimation.exe.embed.manifest.res
         decimation.dir\Debug\deci.obj  /machine:X86 /debug 
       Manifest:
         C:\Program Files\Microsoft SDKs\Windows\v7.0A\bin\mt.exe /nologo /verbose /out:"decimation.dir\Debug\decimation.exe.embed.manifest" /manifest decimation.dir\Debug\decimation.exe.intermediate.manifest
         All outputs are up-to-date.
       LinkEmbedManifest:
         All outputs are up-to-date.
         decimation.vcxproj -> C:\Users\RezaulAkram\Documents\Projects\cs599\Exercise5\Exercise5\Exercise5\bin\Debug\decimation.exe
       FinalizeBuildStatus:
         Deleting file "decimation.dir\Debug\decimation.unsuccessfulbuild".
         Touching "decimation.dir\Debug\decimation.lastbuildstate".
     1>Done Building Project "C:\Users\RezaulAkram\Documents\Projects\cs599\Exercise5\Exercise5\Exercise5\Project\decimation.vcxproj" (build target(s)).

Build succeeded.

Time Elapsed 00:00:06.05
