Build started 3/5/2014 10:49:22 PM.
     1>Project "C:\Users\RezaulAkram\Documents\Projects\cs599\Exercise3\Exercise3\Exercise3\reconstruct.vcxproj" on node 2 (build target(s)).
     1>InitializeBuildStatus:
         Creating "reconstruct.dir\Debug\reconstruct.unsuccessfulbuild" because "AlwaysCreate" was specified.
       CustomBuild:
         All outputs are up-to-date.
       ClCompile:
         All outputs are up-to-date.
       ManifestResourceCompile:
         All outputs are up-to-date.
       Link:
         All outputs are up-to-date.
       Manifest:
         All outputs are up-to-date.
       FinalizeBuildStatus:
         Deleting file "reconstruct.dir\Debug\reconstruct.unsuccessfulbuild".
         Touching "reconstruct.dir\Debug\reconstruct.lastbuildstate".
     1>Done Building Project "C:\Users\RezaulAkram\Documents\Projects\cs599\Exercise3\Exercise3\Exercise3\reconstruct.vcxproj" (build target(s)).

Build succeeded.

Time Elapsed 00:00:00.29
