C:\USERS\REZAULAKRAM\DOCUMENTS\PROJECTS\CS599\EXERCISE4\EXERCISE4\EXERCISE4\BIN\DEBUG\SMOOTH.EXE
C:\USERS\REZAULAKRAM\DOCUMENTS\PROJECTS\CS599\EXERCISE4\EXERCISE4\EXERCISE4\BIN\DEBUG\SMOOTH.ILK
C:\USERS\REZAULAKRAM\DOCUMENTS\PROJECTS\CS599\EXERCISE4\EXERCISE4\EXERCISE4\BIN\DEBUG\SMOOTH.PDB
C:\USERS\REZAULAKRAM\DOCUMENTS\PROJECTS\CS599\EXERCISE4\EXERCISE4PROJECT\CMAKEFILES\GENERATE.STAMP
C:\Users\RezaulAkram\Documents\Projects\cs599\Exercise4\Exercise4Project\smooth.dir\Debug\cl.command.1.tlog
C:\Users\RezaulAkram\Documents\Projects\cs599\Exercise4\Exercise4Project\smooth.dir\Debug\CL.read.1.tlog
C:\Users\RezaulAkram\Documents\Projects\cs599\Exercise4\Exercise4Project\smooth.dir\Debug\CL.write.1.tlog
C:\Users\RezaulAkram\Documents\Projects\cs599\Exercise4\Exercise4Project\smooth.dir\Debug\custombuild.command.1.tlog
C:\Users\RezaulAkram\Documents\Projects\cs599\Exercise4\Exercise4Project\smooth.dir\Debug\custombuild.read.1.tlog
C:\Users\RezaulAkram\Documents\Projects\cs599\Exercise4\Exercise4Project\smooth.dir\Debug\custombuild.write.1.tlog
C:\USERS\REZAULAKRAM\DOCUMENTS\PROJECTS\CS599\EXERCISE4\EXERCISE4PROJECT\SMOOTH.DIR\DEBUG\GLUTEXAMINER.OBJ
C:\USERS\REZAULAKRAM\DOCUMENTS\PROJECTS\CS599\EXERCISE4\EXERCISE4PROJECT\SMOOTH.DIR\DEBUG\GLUTVIEWER.OBJ
C:\Users\RezaulAkram\Documents\Projects\cs599\Exercise4\Exercise4Project\smooth.dir\Debug\link.4768.read.1.tlog
C:\Users\RezaulAkram\Documents\Projects\cs599\Exercise4\Exercise4Project\smooth.dir\Debug\link.4768.write.1.tlog
C:\Users\RezaulAkram\Documents\Projects\cs599\Exercise4\Exercise4Project\smooth.dir\Debug\link.4768-cvtres.read.1.tlog
C:\Users\RezaulAkram\Documents\Projects\cs599\Exercise4\Exercise4Project\smooth.dir\Debug\link.4768-cvtres.write.1.tlog
C:\Users\RezaulAkram\Documents\Projects\cs599\Exercise4\Exercise4Project\smooth.dir\Debug\link.command.1.tlog
C:\Users\RezaulAkram\Documents\Projects\cs599\Exercise4\Exercise4Project\smooth.dir\Debug\link.read.1.tlog
C:\Users\RezaulAkram\Documents\Projects\cs599\Exercise4\Exercise4Project\smooth.dir\Debug\link.write.1.tlog
C:\Users\RezaulAkram\Documents\Projects\cs599\Exercise4\Exercise4Project\smooth.dir\Debug\link-cvtres.read.1.tlog
C:\Users\RezaulAkram\Documents\Projects\cs599\Exercise4\Exercise4Project\smooth.dir\Debug\link-cvtres.write.1.tlog
C:\USERS\REZAULAKRAM\DOCUMENTS\PROJECTS\CS599\EXERCISE4\EXERCISE4PROJECT\SMOOTH.DIR\DEBUG\MESHVIEWER.OBJ
C:\Users\RezaulAkram\Documents\Projects\cs599\Exercise4\Exercise4Project\smooth.dir\Debug\mt.command.1.tlog
C:\Users\RezaulAkram\Documents\Projects\cs599\Exercise4\Exercise4Project\smooth.dir\Debug\mt.read.1.tlog
C:\Users\RezaulAkram\Documents\Projects\cs599\Exercise4\Exercise4Project\smooth.dir\Debug\mt.write.1.tlog
C:\USERS\REZAULAKRAM\DOCUMENTS\PROJECTS\CS599\EXERCISE4\EXERCISE4PROJECT\SMOOTH.DIR\DEBUG\QUALITYVIEWER.OBJ
C:\Users\RezaulAkram\Documents\Projects\cs599\Exercise4\Exercise4Project\smooth.dir\Debug\rc.command.1.tlog
C:\Users\RezaulAkram\Documents\Projects\cs599\Exercise4\Exercise4Project\smooth.dir\Debug\rc.read.1.tlog
C:\Users\RezaulAkram\Documents\Projects\cs599\Exercise4\Exercise4Project\smooth.dir\Debug\rc.write.1.tlog
C:\USERS\REZAULAKRAM\DOCUMENTS\PROJECTS\CS599\EXERCISE4\EXERCISE4PROJECT\SMOOTH.DIR\DEBUG\SMOOTH.EXE.EMBED.MANIFEST
C:\USERS\REZAULAKRAM\DOCUMENTS\PROJECTS\CS599\EXERCISE4\EXERCISE4PROJECT\SMOOTH.DIR\DEBUG\SMOOTH.EXE.EMBED.MANIFEST.RES
C:\USERS\REZAULAKRAM\DOCUMENTS\PROJECTS\CS599\EXERCISE4\EXERCISE4PROJECT\SMOOTH.DIR\DEBUG\SMOOTH.EXE.INTERMEDIATE.MANIFEST
C:\Users\RezaulAkram\Documents\Projects\cs599\Exercise4\Exercise4Project\smooth.dir\Debug\smooth.write.1.tlog
C:\Users\RezaulAkram\Documents\Projects\cs599\Exercise4\Exercise4Project\smooth.dir\Debug\smooth_manifest.rc
C:\USERS\REZAULAKRAM\DOCUMENTS\PROJECTS\CS599\EXERCISE4\EXERCISE4PROJECT\SMOOTH.DIR\DEBUG\SMOOTHER.OBJ
C:\USERS\REZAULAKRAM\DOCUMENTS\PROJECTS\CS599\EXERCISE4\EXERCISE4PROJECT\SMOOTH.DIR\DEBUG\SMOOTHINGVIEWER.OBJ
C:\USERS\REZAULAKRAM\DOCUMENTS\PROJECTS\CS599\EXERCISE4\EXERCISE4PROJECT\SMOOTH.DIR\DEBUG\VC100.PDB
