Build started 3/12/2014 11:27:47 PM.
     1>Project "C:\Users\RezaulAkram\Documents\Projects\cs599\Exercise4\Exercise4Project\smooth.vcxproj" on node 2 (build target(s)).
     1>InitializeBuildStatus:
         Creating "smooth.dir\Debug\smooth.unsuccessfulbuild" because "AlwaysCreate" was specified.
       CustomBuild:
         All outputs are up-to-date.
       ClCompile:
         All outputs are up-to-date.
       ManifestResourceCompile:
         All outputs are up-to-date.
       Link:
         All outputs are up-to-date.
       Manifest:
         All outputs are up-to-date.
       FinalizeBuildStatus:
         Deleting file "smooth.dir\Debug\smooth.unsuccessfulbuild".
         Touching "smooth.dir\Debug\smooth.lastbuildstate".
     1>Done Building Project "C:\Users\RezaulAkram\Documents\Projects\cs599\Exercise4\Exercise4Project\smooth.vcxproj" (build target(s)).

Build succeeded.

Time Elapsed 00:00:00.17
