Build started 3/26/2014 11:48:34 PM.
     1>Project "C:\Users\RezaulAkram\Documents\Projects\cs599\Exercise5\Exercise5\Exercise5\Project\decimation.vcxproj" on node 2 (build target(s)).
     1>InitializeBuildStatus:
         Creating "decimation.dir\Release\decimation.unsuccessfulbuild" because "AlwaysCreate" was specified.
       CustomBuild:
         All outputs are up-to-date.
       ClCompile:
         C:\Program Files\Microsoft Visual Studio 10.0\VC\bin\CL.exe /c /I"C:\freeglut-2.8.1\freeglut-2.8.1\include" /I"C:\OpenMesh-2.4.1\src" /IC:\Users\RezaulAkram\Documents\Projects\cs599\Exercise5\Exercise5\Exercise5 /nologo /W3 /WX- /O2 /Ob2 /Oy- /D WIN32 /D _WINDOWS /D NDEBUG /D _USE_MATH_DEFINES /D "CMAKE_INTDIR=\"Release\"" /D _MBCS /Gm- /EHsc /MD /GS /fp:precise /Zc:wchar_t /Zc:forScope /GR /Fo"decimation.dir\Release\\" /Fd"decimation.dir\Release\vc100.pdb" /Gd /TP /analyze- /errorReport:prompt ..\deci.cc
         deci.cc
     1>..\deci.cc(244): warning C4244: 'initializing' : conversion from 'double' to 'float', possible loss of data
       Link:
         C:\Program Files\Microsoft Visual Studio 10.0\VC\bin\link.exe /ERRORREPORT:PROMPT /OUT:"C:\Users\RezaulAkram\Documents\Projects\cs599\Exercise5\Exercise5\Exercise5\bin\Release\decimation.exe" /INCREMENTAL:NO /NOLOGO kernel32.lib user32.lib gdi32.lib winspool.lib shell32.lib ole32.lib oleaut32.lib uuid.lib comdlg32.lib advapi32.lib glu32.lib opengl32.lib "C:\freeglut-2.8.1\freeglut-2.8.1\lib\x86\freeglut.lib" "C:\OpenMesh-2.4.1\lib\libOpenMeshCore.lib" "C:\OpenMesh-2.4.1\lib\libOpenMeshTools.lib" /MANIFEST /ManifestFile:"decimation.dir\Release\decimation.exe.intermediate.manifest" /MANIFESTUAC:"level='asInvoker' uiAccess='false'" /PDB:"C:/Users/RezaulAkram/Documents/Projects/cs599/Exercise5/Exercise5/Exercise5/bin/Release/decimation.pdb" /SUBSYSTEM:CONSOLE /TLBID:1 /DYNAMICBASE /NXCOMPAT /IMPLIB:"C:/Users/RezaulAkram/Documents/Projects/cs599/Exercise5/Exercise5/Exercise5/lib/Release/decimation.lib" /MACHINE:X86 decimation.dir\Release\deci.obj  /machine:X86 
         decimation.vcxproj -> C:\Users\RezaulAkram\Documents\Projects\cs599\Exercise5\Exercise5\Exercise5\bin\Release\decimation.exe
       Manifest:
         C:\Program Files\Microsoft SDKs\Windows\v7.0A\bin\mt.exe /nologo /verbose /outputresource:"C:\Users\RezaulAkram\Documents\Projects\cs599\Exercise5\Exercise5\Exercise5\bin\Release\decimation.exe;#1" /manifest decimation.dir\Release\decimation.exe.intermediate.manifest
       FinalizeBuildStatus:
         Deleting file "decimation.dir\Release\decimation.unsuccessfulbuild".
         Touching "decimation.dir\Release\decimation.lastbuildstate".
     1>Done Building Project "C:\Users\RezaulAkram\Documents\Projects\cs599\Exercise5\Exercise5\Exercise5\Project\decimation.vcxproj" (build target(s)).

Build succeeded.

Time Elapsed 00:00:06.83
