Build started 3/5/2014 12:10:57 AM.
     1>Project "C:\Users\RezaulAkram\Documents\Projects\cs599\Exercise3\Exercise3\Exercise3\viewer.vcxproj" on node 2 (build target(s)).
     1>InitializeBuildStatus:
         Creating "viewer.dir\Debug\viewer.unsuccessfulbuild" because "AlwaysCreate" was specified.
       CustomBuild:
         All outputs are up-to-date.
       ClCompile:
         All outputs are up-to-date.
       ManifestResourceCompile:
         All outputs are up-to-date.
       Link:
         All outputs are up-to-date.
       Manifest:
         All outputs are up-to-date.
       FinalizeBuildStatus:
         Deleting file "viewer.dir\Debug\viewer.unsuccessfulbuild".
         Touching "viewer.dir\Debug\viewer.lastbuildstate".
     1>Done Building Project "C:\Users\RezaulAkram\Documents\Projects\cs599\Exercise3\Exercise3\Exercise3\viewer.vcxproj" (build target(s)).

Build succeeded.

Time Elapsed 00:00:01.52
