C:\USERS\REZAULAKRAM\DOCUMENTS\PROJECTS\CS599\EXERCISE1\BIN\RELEASE\EXERCISE1.EXE
C:\USERS\REZAULAKRAM\DOCUMENTS\PROJECTS\CS599\EXTRACTED\CMAKEFILES\GENERATE.STAMP
C:\Users\RezaulAkram\Documents\Projects\cs599\extracted\exercise1.dir\Release\cl.command.1.tlog
C:\Users\RezaulAkram\Documents\Projects\cs599\extracted\exercise1.dir\Release\CL.read.1.tlog
C:\Users\RezaulAkram\Documents\Projects\cs599\extracted\exercise1.dir\Release\CL.write.1.tlog
C:\Users\RezaulAkram\Documents\Projects\cs599\extracted\exercise1.dir\Release\custombuild.command.1.tlog
C:\Users\RezaulAkram\Documents\Projects\cs599\extracted\exercise1.dir\Release\custombuild.read.1.tlog
C:\Users\RezaulAkram\Documents\Projects\cs599\extracted\exercise1.dir\Release\custombuild.write.1.tlog
C:\USERS\REZAULAKRAM\DOCUMENTS\PROJECTS\CS599\EXTRACTED\EXERCISE1.DIR\RELEASE\EXERCISE1.EXE.INTERMEDIATE.MANIFEST
C:\Users\RezaulAkram\Documents\Projects\cs599\extracted\exercise1.dir\Release\exercise1.vcxprojResolveAssemblyReference.cache
C:\Users\RezaulAkram\Documents\Projects\cs599\extracted\exercise1.dir\Release\exercise1.write.1.tlog
C:\USERS\REZAULAKRAM\DOCUMENTS\PROJECTS\CS599\EXTRACTED\EXERCISE1.DIR\RELEASE\GLUTEXAMINER.OBJ
C:\USERS\REZAULAKRAM\DOCUMENTS\PROJECTS\CS599\EXTRACTED\EXERCISE1.DIR\RELEASE\GLUTVIEWER.OBJ
C:\Users\RezaulAkram\Documents\Projects\cs599\extracted\exercise1.dir\Release\link.command.1.tlog
C:\Users\RezaulAkram\Documents\Projects\cs599\extracted\exercise1.dir\Release\link.read.1.tlog
C:\Users\RezaulAkram\Documents\Projects\cs599\extracted\exercise1.dir\Release\link.write.1.tlog
C:\USERS\REZAULAKRAM\DOCUMENTS\PROJECTS\CS599\EXTRACTED\EXERCISE1.DIR\RELEASE\MESHVIEWER.OBJ
C:\Users\RezaulAkram\Documents\Projects\cs599\extracted\exercise1.dir\Release\mt.command.1.tlog
C:\Users\RezaulAkram\Documents\Projects\cs599\extracted\exercise1.dir\Release\mt.read.1.tlog
C:\Users\RezaulAkram\Documents\Projects\cs599\extracted\exercise1.dir\Release\mt.write.1.tlog
C:\USERS\REZAULAKRAM\DOCUMENTS\PROJECTS\CS599\EXTRACTED\EXERCISE1.DIR\RELEASE\VALENCEVIEW.OBJ
C:\USERS\REZAULAKRAM\DOCUMENTS\PROJECTS\CS599\EXTRACTED\EXERCISE1.DIR\RELEASE\VALENCEVIEWER.OBJ
