C:\USERS\REZAULAKRAM\DOCUMENTS\PROJECTS\CS599\EXERCISE2\EXERCISE2\EXERCISE2\LIB\DEBUG\ANN.LIB
C:\USERS\REZAULAKRAM\DOCUMENTS\PROJECTS\CS599\EXERCISE2\PROJECT\ANN.DIR\DEBUG\ANN.OBJ
C:\Users\RezaulAkram\Documents\Projects\cs599\Exercise2\project\ann.dir\Debug\ann.vcxprojResolveAssemblyReference.cache
C:\Users\RezaulAkram\Documents\Projects\cs599\Exercise2\project\ann.dir\Debug\ann.write.1.tlog
C:\USERS\REZAULAKRAM\DOCUMENTS\PROJECTS\CS599\EXERCISE2\PROJECT\ANN.DIR\DEBUG\BD_FIX_RAD_SEARCH.OBJ
C:\USERS\REZAULAKRAM\DOCUMENTS\PROJECTS\CS599\EXERCISE2\PROJECT\ANN.DIR\DEBUG\BD_PR_SEARCH.OBJ
C:\USERS\REZAULAKRAM\DOCUMENTS\PROJECTS\CS599\EXERCISE2\PROJECT\ANN.DIR\DEBUG\BD_SEARCH.OBJ
C:\USERS\REZAULAKRAM\DOCUMENTS\PROJECTS\CS599\EXERCISE2\PROJECT\ANN.DIR\DEBUG\BD_TREE.OBJ
C:\USERS\REZAULAKRAM\DOCUMENTS\PROJECTS\CS599\EXERCISE2\PROJECT\ANN.DIR\DEBUG\BRUTE.OBJ
C:\Users\RezaulAkram\Documents\Projects\cs599\Exercise2\project\ann.dir\Debug\cl.command.1.tlog
C:\Users\RezaulAkram\Documents\Projects\cs599\Exercise2\project\ann.dir\Debug\CL.read.1.tlog
C:\Users\RezaulAkram\Documents\Projects\cs599\Exercise2\project\ann.dir\Debug\CL.write.1.tlog
C:\Users\RezaulAkram\Documents\Projects\cs599\Exercise2\project\ann.dir\Debug\custombuild.command.1.tlog
C:\Users\RezaulAkram\Documents\Projects\cs599\Exercise2\project\ann.dir\Debug\custombuild.read.1.tlog
C:\Users\RezaulAkram\Documents\Projects\cs599\Exercise2\project\ann.dir\Debug\custombuild.write.1.tlog
C:\USERS\REZAULAKRAM\DOCUMENTS\PROJECTS\CS599\EXERCISE2\PROJECT\ANN.DIR\DEBUG\KD_DUMP.OBJ
C:\USERS\REZAULAKRAM\DOCUMENTS\PROJECTS\CS599\EXERCISE2\PROJECT\ANN.DIR\DEBUG\KD_FIX_RAD_SEARCH.OBJ
C:\USERS\REZAULAKRAM\DOCUMENTS\PROJECTS\CS599\EXERCISE2\PROJECT\ANN.DIR\DEBUG\KD_PR_SEARCH.OBJ
C:\USERS\REZAULAKRAM\DOCUMENTS\PROJECTS\CS599\EXERCISE2\PROJECT\ANN.DIR\DEBUG\KD_SEARCH.OBJ
C:\USERS\REZAULAKRAM\DOCUMENTS\PROJECTS\CS599\EXERCISE2\PROJECT\ANN.DIR\DEBUG\KD_SPLIT.OBJ
C:\USERS\REZAULAKRAM\DOCUMENTS\PROJECTS\CS599\EXERCISE2\PROJECT\ANN.DIR\DEBUG\KD_TREE.OBJ
C:\USERS\REZAULAKRAM\DOCUMENTS\PROJECTS\CS599\EXERCISE2\PROJECT\ANN.DIR\DEBUG\KD_UTIL.OBJ
C:\Users\RezaulAkram\Documents\Projects\cs599\Exercise2\project\ann.dir\Debug\lib.command.1.tlog
C:\Users\RezaulAkram\Documents\Projects\cs599\Exercise2\project\ann.dir\Debug\Lib-link.read.1.tlog
C:\Users\RezaulAkram\Documents\Projects\cs599\Exercise2\project\ann.dir\Debug\Lib-link.write.1.tlog
C:\USERS\REZAULAKRAM\DOCUMENTS\PROJECTS\CS599\EXERCISE2\PROJECT\ANN.DIR\DEBUG\PERF.OBJ
C:\USERS\REZAULAKRAM\DOCUMENTS\PROJECTS\CS599\EXERCISE2\PROJECT\ANN.DIR\DEBUG\VC100.PDB
C:\USERS\REZAULAKRAM\DOCUMENTS\PROJECTS\CS599\EXERCISE2\PROJECT\CMAKEFILES\GENERATE.STAMP
