C:\USERS\REZAULAKRAM\DOCUMENTS\PROJECTS\CS599\EXERCISE1\BIN\DEBUG\EXERCISE1.EXE
C:\USERS\REZAULAKRAM\DOCUMENTS\PROJECTS\CS599\EXERCISE1\BIN\DEBUG\EXERCISE1.ILK
C:\USERS\REZAULAKRAM\DOCUMENTS\PROJECTS\CS599\EXERCISE1\BIN\DEBUG\EXERCISE1.PDB
C:\USERS\REZAULAKRAM\DOCUMENTS\PROJECTS\CS599\EXTRACTED\CMAKEFILES\GENERATE.STAMP
C:\Users\RezaulAkram\Documents\Projects\cs599\extracted\exercise1.dir\Debug\cl.command.1.tlog
C:\Users\RezaulAkram\Documents\Projects\cs599\extracted\exercise1.dir\Debug\CL.read.1.tlog
C:\Users\RezaulAkram\Documents\Projects\cs599\extracted\exercise1.dir\Debug\CL.write.1.tlog
C:\Users\RezaulAkram\Documents\Projects\cs599\extracted\exercise1.dir\Debug\custombuild.command.1.tlog
C:\Users\RezaulAkram\Documents\Projects\cs599\extracted\exercise1.dir\Debug\custombuild.read.1.tlog
C:\Users\RezaulAkram\Documents\Projects\cs599\extracted\exercise1.dir\Debug\custombuild.write.1.tlog
C:\USERS\REZAULAKRAM\DOCUMENTS\PROJECTS\CS599\EXTRACTED\EXERCISE1.DIR\DEBUG\EXERCISE1.EXE.EMBED.MANIFEST
C:\USERS\REZAULAKRAM\DOCUMENTS\PROJECTS\CS599\EXTRACTED\EXERCISE1.DIR\DEBUG\EXERCISE1.EXE.EMBED.MANIFEST.RES
C:\USERS\REZAULAKRAM\DOCUMENTS\PROJECTS\CS599\EXTRACTED\EXERCISE1.DIR\DEBUG\EXERCISE1.EXE.INTERMEDIATE.MANIFEST
C:\Users\RezaulAkram\Documents\Projects\cs599\extracted\exercise1.dir\Debug\exercise1.vcxprojResolveAssemblyReference.cache
C:\Users\RezaulAkram\Documents\Projects\cs599\extracted\exercise1.dir\Debug\exercise1.write.1.tlog
C:\Users\RezaulAkram\Documents\Projects\cs599\extracted\exercise1.dir\Debug\exercise1_manifest.rc
C:\USERS\REZAULAKRAM\DOCUMENTS\PROJECTS\CS599\EXTRACTED\EXERCISE1.DIR\DEBUG\GLUTEXAMINER.OBJ
C:\USERS\REZAULAKRAM\DOCUMENTS\PROJECTS\CS599\EXTRACTED\EXERCISE1.DIR\DEBUG\GLUTVIEWER.OBJ
C:\Users\RezaulAkram\Documents\Projects\cs599\extracted\exercise1.dir\Debug\link.3816.read.1.tlog
C:\Users\RezaulAkram\Documents\Projects\cs599\extracted\exercise1.dir\Debug\link.3816.write.1.tlog
C:\Users\RezaulAkram\Documents\Projects\cs599\extracted\exercise1.dir\Debug\link.3816-cvtres.read.1.tlog
C:\Users\RezaulAkram\Documents\Projects\cs599\extracted\exercise1.dir\Debug\link.3816-cvtres.write.1.tlog
C:\Users\RezaulAkram\Documents\Projects\cs599\extracted\exercise1.dir\Debug\link.4868.read.1.tlog
C:\Users\RezaulAkram\Documents\Projects\cs599\extracted\exercise1.dir\Debug\link.4868.write.1.tlog
C:\Users\RezaulAkram\Documents\Projects\cs599\extracted\exercise1.dir\Debug\link.4868-cvtres.read.1.tlog
C:\Users\RezaulAkram\Documents\Projects\cs599\extracted\exercise1.dir\Debug\link.4868-cvtres.write.1.tlog
C:\Users\RezaulAkram\Documents\Projects\cs599\extracted\exercise1.dir\Debug\link.command.1.tlog
C:\Users\RezaulAkram\Documents\Projects\cs599\extracted\exercise1.dir\Debug\link.read.1.tlog
C:\Users\RezaulAkram\Documents\Projects\cs599\extracted\exercise1.dir\Debug\link.write.1.tlog
C:\Users\RezaulAkram\Documents\Projects\cs599\extracted\exercise1.dir\Debug\link-cvtres.read.1.tlog
C:\Users\RezaulAkram\Documents\Projects\cs599\extracted\exercise1.dir\Debug\link-cvtres.write.1.tlog
C:\USERS\REZAULAKRAM\DOCUMENTS\PROJECTS\CS599\EXTRACTED\EXERCISE1.DIR\DEBUG\MESHVIEWER.OBJ
C:\Users\RezaulAkram\Documents\Projects\cs599\extracted\exercise1.dir\Debug\mt.command.1.tlog
C:\Users\RezaulAkram\Documents\Projects\cs599\extracted\exercise1.dir\Debug\mt.read.1.tlog
C:\Users\RezaulAkram\Documents\Projects\cs599\extracted\exercise1.dir\Debug\mt.write.1.tlog
C:\Users\RezaulAkram\Documents\Projects\cs599\extracted\exercise1.dir\Debug\rc.command.1.tlog
C:\Users\RezaulAkram\Documents\Projects\cs599\extracted\exercise1.dir\Debug\rc.read.1.tlog
C:\Users\RezaulAkram\Documents\Projects\cs599\extracted\exercise1.dir\Debug\rc.write.1.tlog
C:\USERS\REZAULAKRAM\DOCUMENTS\PROJECTS\CS599\EXTRACTED\EXERCISE1.DIR\DEBUG\VALENCEVIEW.OBJ
C:\USERS\REZAULAKRAM\DOCUMENTS\PROJECTS\CS599\EXTRACTED\EXERCISE1.DIR\DEBUG\VALENCEVIEWER.OBJ
C:\USERS\REZAULAKRAM\DOCUMENTS\PROJECTS\CS599\EXTRACTED\EXERCISE1.DIR\DEBUG\VC100.PDB
