Build started 4/9/2014 10:45:09 PM.
     1>Project "C:\Users\RezaulAkram\Documents\Projects\cs599\Exercise6\exercise6\exercise-6\Project\remesh.vcxproj" on node 2 (build target(s)).
     1>InitializeBuildStatus:
         Creating "remesh.dir\Debug\remesh.unsuccessfulbuild" because "AlwaysCreate" was specified.
       CustomBuild:
         All outputs are up-to-date.
       ClCompile:
         C:\Program Files\Microsoft Visual Studio 10.0\VC\bin\CL.exe /c /I"C:\freeglut-2.8.1\freeglut-2.8.1\include" /I"C:\OpenMesh-2.4.1\src" /I"C:\Users\RezaulAkram\Documents\Projects\cs599\Exercise6\exercise6\exercise-6" /Zi /nologo /W3 /WX- /Od /Ob0 /Oy- /D WIN32 /D _WINDOWS /D _DEBUG /D _USE_MATH_DEFINES /D "CMAKE_INTDIR=\"Debug\"" /D _MBCS /Gm- /EHsc /RTC1 /MDd /GS /fp:precise /Zc:wchar_t /Zc:forScope /GR /Fo"remesh.dir\Debug\\" /Fd"remesh.dir\Debug\vc100.pdb" /Gd /TP /analyze- /errorReport:prompt ..\remesh.cc
         remesh.cc
     1>..\remesh.cc(182): warning C4101: 'hcol01' : unreferenced local variable
     1>..\remesh.cc(182): warning C4101: 'hcol10' : unreferenced local variable
     1>..\remesh.cc(589): warning C4244: '+=' : conversion from 'double' to 'float', possible loss of data
     1>..\remesh.cc(595): warning C4244: '+=' : conversion from 'double' to 'float', possible loss of data
     1>..\remesh.cc(617): warning C4244: '=' : conversion from 'double' to 'float', possible loss of data
     1>..\remesh.cc(706): warning C4244: '=' : conversion from 'double' to 'float', possible loss of data
       ManifestResourceCompile:
         All outputs are up-to-date.
       Link:
         C:\Program Files\Microsoft Visual Studio 10.0\VC\bin\link.exe /ERRORREPORT:PROMPT /OUT:"C:\Users\RezaulAkram\Documents\Projects\cs599\Exercise6\exercise6\exercise-6\bin\Debug\remesh.exe" /INCREMENTAL /NOLOGO kernel32.lib user32.lib gdi32.lib winspool.lib shell32.lib ole32.lib oleaut32.lib uuid.lib comdlg32.lib advapi32.lib "C:\OpenMesh-2.4.1\lib\libOpenMeshCored.lib" "C:\OpenMesh-2.4.1\lib\libOpenMeshToolsd.lib" /MANIFEST /ManifestFile:"remesh.dir\Debug\remesh.exe.intermediate.manifest" /MANIFESTUAC:"level='asInvoker' uiAccess='false'" /DEBUG /PDB:"C:/Users/RezaulAkram/Documents/Projects/cs599/Exercise6/exercise6/exercise-6/bin/Debug/remesh.pdb" /SUBSYSTEM:CONSOLE /TLBID:1 /DYNAMICBASE /NXCOMPAT /IMPLIB:"C:/Users/RezaulAkram/Documents/Projects/cs599/Exercise6/exercise6/exercise-6/lib/Debug/remesh.lib" /MACHINE:X86 remesh.dir\Debug\remesh.exe.embed.manifest.res
         remesh.dir\Debug\remesh.obj  /machine:X86 /debug 
       Manifest:
         C:\Program Files\Microsoft SDKs\Windows\v7.0A\bin\mt.exe /nologo /verbose /out:"remesh.dir\Debug\remesh.exe.embed.manifest" /manifest remesh.dir\Debug\remesh.exe.intermediate.manifest
         All outputs are up-to-date.
       LinkEmbedManifest:
         All outputs are up-to-date.
         remesh.vcxproj -> C:\Users\RezaulAkram\Documents\Projects\cs599\Exercise6\exercise6\exercise-6\bin\Debug\remesh.exe
       FinalizeBuildStatus:
         Deleting file "remesh.dir\Debug\remesh.unsuccessfulbuild".
         Touching "remesh.dir\Debug\remesh.lastbuildstate".
     1>Done Building Project "C:\Users\RezaulAkram\Documents\Projects\cs599\Exercise6\exercise6\exercise-6\Project\remesh.vcxproj" (build target(s)).

Build succeeded.

Time Elapsed 00:00:05.16
