Build started 1/29/2014 12:59:33 PM.
     1>Project "C:\Users\RezaulAkram\Documents\Projects\cs599\extracted\exercise1.vcxproj" on node 2 (build target(s)).
     1>InitializeBuildStatus:
         Creating "exercise1.dir\RelWithDebInfo\exercise1.unsuccessfulbuild" because "AlwaysCreate" was specified.
       CustomBuild:
         Building Custom Rule C:/Users/RezaulAkram/Documents/Projects/cs599/exercise1/CMakeLists.txt
         CMake does not need to re-run because C:\Users\RezaulAkram\Documents\Projects\cs599\extracted\CMakeFiles\generate.stamp is up-to-date.
       ClCompile:
         C:\Program Files\Microsoft Visual Studio 10.0\VC\bin\CL.exe /c /I"C:\freeglut-2.8.1\freeglut-2.8.1\include" /I"C:\OpenMesh-2.4.1\src" /Zi /nologo /W3 /WX- /O2 /Ob1 /Oy- /D WIN32 /D _WINDOWS /D NDEBUG /D _USE_MATH_DEFINES /D "CMAKE_INTDIR=\"RelWithDebInfo\"" /D _MBCS /Gm- /EHsc /MD /GS /fp:precise /Zc:wchar_t /Zc:forScope /GR /Fo"exercise1.dir\RelWithDebInfo\\" /Fd"exercise1.dir\RelWithDebInfo\vc100.pdb" /Gd /TP /analyze- /errorReport:prompt ..\exercise1\GlutExaminer.cc ..\exercise1\GlutViewer.cc ..\exercise1\MeshViewer.cc ..\exercise1\valenceview.cc ..\exercise1\ValenceViewer.cc
         GlutExaminer.cc
         GlutViewer.cc
         MeshViewer.cc
         valenceview.cc
         ValenceViewer.cc
         Generating Code...
       ManifestResourceCompile:
         C:\Program Files\Microsoft SDKs\Windows\v7.0A\bin\rc.exe /nologo /fo"exercise1.dir\RelWithDebInfo\exercise1.exe.embed.manifest.res" exercise1.dir\RelWithDebInfo\exercise1_manifest.rc 
       MakeDirsForLink:
         Creating directory "C:\Users\RezaulAkram\Documents\Projects\cs599\exercise1\lib\RelWithDebInfo\".
       Link:
         C:\Program Files\Microsoft Visual Studio 10.0\VC\bin\link.exe /ERRORREPORT:PROMPT /OUT:"C:\Users\RezaulAkram\Documents\Projects\cs599\exercise1\bin\RelWithDebInfo\exercise1.exe" /INCREMENTAL /NOLOGO kernel32.lib user32.lib gdi32.lib winspool.lib shell32.lib ole32.lib oleaut32.lib uuid.lib comdlg32.lib advapi32.lib glu32.lib opengl32.lib "C:\freeglut-2.8.1\freeglut-2.8.1\lib\x86\freeglut.lib" "C:\OpenMesh-2.4.1\lib\libOpenMeshCore.lib" "C:\OpenMesh-2.4.1\lib\libOpenMeshTools.lib" /MANIFEST /ManifestFile:"exercise1.dir\RelWithDebInfo\exercise1.exe.intermediate.manifest" /MANIFESTUAC:"level='asInvoker' uiAccess='false'" /DEBUG /PDB:"C:/Users/RezaulAkram/Documents/Projects/cs599/exercise1/bin/RelWithDebInfo/exercise1.pdb" /SUBSYSTEM:CONSOLE /TLBID:1 /DYNAMICBASE /NXCOMPAT /IMPLIB:"C:/Users/RezaulAkram/Documents/Projects/cs599/exercise1/lib/RelWithDebInfo/exercise1.lib" /MACHINE:X86 exercise1.dir\RelWithDebInfo\exercise1.exe.embed.manifest.res
         exercise1.dir\RelWithDebInfo\GlutExaminer.obj
         exercise1.dir\RelWithDebInfo\GlutViewer.obj
         exercise1.dir\RelWithDebInfo\MeshViewer.obj
         exercise1.dir\RelWithDebInfo\valenceview.obj
         exercise1.dir\RelWithDebInfo\ValenceViewer.obj  /machine:X86 /debug 
       Manifest:
         C:\Program Files\Microsoft SDKs\Windows\v7.0A\bin\mt.exe /nologo /verbose /out:"exercise1.dir\RelWithDebInfo\exercise1.exe.embed.manifest" /manifest exercise1.dir\RelWithDebInfo\exercise1.exe.intermediate.manifest
         C:\Program Files\Microsoft SDKs\Windows\v7.0A\bin\rc.exe /nologo /fo"exercise1.dir\RelWithDebInfo\exercise1.exe.embed.manifest.res" exercise1.dir\RelWithDebInfo\exercise1_manifest.rc 
       LinkEmbedManifest:
         C:\Program Files\Microsoft Visual Studio 10.0\VC\bin\link.exe /ERRORREPORT:PROMPT /OUT:"C:\Users\RezaulAkram\Documents\Projects\cs599\exercise1\bin\RelWithDebInfo\exercise1.exe" /INCREMENTAL /NOLOGO kernel32.lib user32.lib gdi32.lib winspool.lib shell32.lib ole32.lib oleaut32.lib uuid.lib comdlg32.lib advapi32.lib glu32.lib opengl32.lib "C:\freeglut-2.8.1\freeglut-2.8.1\lib\x86\freeglut.lib" "C:\OpenMesh-2.4.1\lib\libOpenMeshCore.lib" "C:\OpenMesh-2.4.1\lib\libOpenMeshTools.lib" /MANIFEST /ManifestFile:"exercise1.dir\RelWithDebInfo\exercise1.exe.intermediate.manifest" /MANIFESTUAC:"level='asInvoker' uiAccess='false'" /DEBUG /PDB:"C:/Users/RezaulAkram/Documents/Projects/cs599/exercise1/bin/RelWithDebInfo/exercise1.pdb" /SUBSYSTEM:CONSOLE /TLBID:1 /DYNAMICBASE /NXCOMPAT /IMPLIB:"C:/Users/RezaulAkram/Documents/Projects/cs599/exercise1/lib/RelWithDebInfo/exercise1.lib" /MACHINE:X86 exercise1.dir\RelWithDebInfo\exercise1.exe.embed.manifest.res
         exercise1.dir\RelWithDebInfo\GlutExaminer.obj
         exercise1.dir\RelWithDebInfo\GlutViewer.obj
         exercise1.dir\RelWithDebInfo\MeshViewer.obj
         exercise1.dir\RelWithDebInfo\valenceview.obj
         exercise1.dir\RelWithDebInfo\ValenceViewer.obj  /machine:X86 /debug 
         exercise1.vcxproj -> C:\Users\RezaulAkram\Documents\Projects\cs599\exercise1\bin\RelWithDebInfo\exercise1.exe
       FinalizeBuildStatus:
         Deleting file "exercise1.dir\RelWithDebInfo\exercise1.unsuccessfulbuild".
         Touching "exercise1.dir\RelWithDebInfo\exercise1.lastbuildstate".
     1>Done Building Project "C:\Users\RezaulAkram\Documents\Projects\cs599\extracted\exercise1.vcxproj" (build target(s)).

Build succeeded.

Time Elapsed 00:00:14.29
