Build started 3/30/2014 12:27:32 AM.
     1>Project "C:\Users\RezaulAkram\Documents\Projects\cs599\Exercise6\exercise6\exercise-6\Project\CMakeFiles\2.8.12.2\CompilerIdC\CompilerIdC.vcxproj" on node 2 (build target(s)).
     1>InitializeBuildStatus:
         Creating "Debug\CompilerIdC.unsuccessfulbuild" because "AlwaysCreate" was specified.
       ClCompile:
         C:\Program Files\Microsoft Visual Studio 10.0\VC\bin\CL.exe /c /nologo /W0 /WX- /Od /Oy- /D _MBCS /Gm- /EHsc /RTC1 /MDd /GS /fp:precise /Zc:wchar_t /Zc:forScope /Fo"Debug\\" /Fd"Debug\vc100.pdb" /Gd /TC /analyze- /errorReport:prompt CMakeCCompilerId.c
         CMakeCCompilerId.c
       Link:
         C:\Program Files\Microsoft Visual Studio 10.0\VC\bin\link.exe /ERRORREPORT:PROMPT /OUT:".\CompilerIdC.exe" /INCREMENTAL:NO /NOLOGO kernel32.lib user32.lib gdi32.lib winspool.lib comdlg32.lib advapi32.lib shell32.lib ole32.lib oleaut32.lib uuid.lib odbc32.lib odbccp32.lib /MANIFEST /ManifestFile:"Debug\CompilerIdC.exe.intermediate.manifest" /MANIFESTUAC:"level='asInvoker' uiAccess='false'" /PDB:"C:\Users\RezaulAkram\Documents\Projects\cs599\Exercise6\exercise6\exercise-6\Project\CMakeFiles\2.8.12.2\CompilerIdC\CompilerIdC.pdb" /SUBSYSTEM:CONSOLE /TLBID:1 /DYNAMICBASE /NXCOMPAT /IMPLIB:".\CompilerIdC.lib" /MACHINE:X86 Debug\CMakeCCompilerId.obj
         CompilerIdC.vcxproj -> C:\Users\RezaulAkram\Documents\Projects\cs599\Exercise6\exercise6\exercise-6\Project\CMakeFiles\2.8.12.2\CompilerIdC\.\CompilerIdC.exe
       Manifest:
         C:\Program Files\Microsoft SDKs\Windows\v7.0A\bin\mt.exe /nologo /verbose /outputresource:".\CompilerIdC.exe;#1" /manifest Debug\CompilerIdC.exe.intermediate.manifest
       PostBuildEvent:
         for %%i in (cl.exe) do @echo CMAKE_C_COMPILER=%%~$PATH:i
         :VCEnd
         CMAKE_C_COMPILER=C:\Program Files\Microsoft Visual Studio 10.0\VC\bin\cl.exe
       FinalizeBuildStatus:
         Deleting file "Debug\CompilerIdC.unsuccessfulbuild".
         Touching "Debug\CompilerIdC.lastbuildstate".
     1>Done Building Project "C:\Users\RezaulAkram\Documents\Projects\cs599\Exercise6\exercise6\exercise-6\Project\CMakeFiles\2.8.12.2\CompilerIdC\CompilerIdC.vcxproj" (build target(s)).

Build succeeded.

Time Elapsed 00:00:02.01
