Build started 2/19/2014 9:31:11 PM.
     1>Project "C:\Users\RezaulAkram\Documents\Projects\cs599\Exercise2\project\exercise2.vcxproj" on node 2 (build target(s)).
     1>InitializeBuildStatus:
         Creating "exercise2.dir\Release\exercise2.unsuccessfulbuild" because "AlwaysCreate" was specified.
       CustomBuild:
         All outputs are up-to-date.
       ClCompile:
         C:\Program Files\Microsoft Visual Studio 10.0\VC\bin\CL.exe /c /I"C:\freeglut-2.8.1\freeglut-2.8.1\include" /I"C:\OpenMesh-2.4.1\src" /IC:\Users\RezaulAkram\Documents\Projects\cs599\Exercise2\Exercise2\Exercise2 /nologo /W3 /WX- /O2 /Ob2 /Oy- /D WIN32 /D _WINDOWS /D NDEBUG /D _USE_MATH_DEFINES /D "CMAKE_INTDIR=\"Release\"" /D _MBCS /Gm- /EHsc /MD /GS /fp:precise /Zc:wchar_t /Zc:forScope /GR /Fo"exercise2.dir\Release\\" /Fd"exercise2.dir\Release\vc100.pdb" /Gd /TP /analyze- /errorReport:prompt ..\Exercise2\Exercise2\Registration.cc ..\Exercise2\Exercise2\RegistrationViewer.cc
         Registration.cc
         RegistrationViewer.cc
     1>..\Exercise2\Exercise2\RegistrationViewer.cc(170): warning C4244: 'argument' : conversion from 'double' to 'float', possible loss of data
     1>..\Exercise2\Exercise2\RegistrationViewer.cc(235): warning C4305: 'argument' : truncation from 'double' to 'const float'
     1>..\Exercise2\Exercise2\RegistrationViewer.cc(235): warning C4305: 'argument' : truncation from 'double' to 'const float'
     1>..\Exercise2\Exercise2\RegistrationViewer.cc(249): warning C4244: 'argument' : conversion from 'double' to 'GLfloat', possible loss of data
     1>..\Exercise2\Exercise2\RegistrationViewer.cc(249): warning C4244: 'argument' : conversion from 'double' to 'GLfloat', possible loss of data
     1>..\Exercise2\Exercise2\RegistrationViewer.cc(249): warning C4244: 'argument' : conversion from 'double' to 'GLfloat', possible loss of data
     1>..\Exercise2\Exercise2\RegistrationViewer.cc(389): warning C4244: 'initializing' : conversion from 'int' to 'float', possible loss of data
     1>..\Exercise2\Exercise2\RegistrationViewer.cc(390): warning C4244: 'initializing' : conversion from 'int' to 'float', possible loss of data
     1>..\Exercise2\Exercise2\RegistrationViewer.cc(392): warning C4244: 'argument' : conversion from 'double' to 'float', possible loss of data
     1>..\Exercise2\Exercise2\RegistrationViewer.cc(414): warning C4244: 'initializing' : conversion from 'double' to 'float', possible loss of data
     1>..\Exercise2\Exercise2\RegistrationViewer.cc(428): warning C4244: 'initializing' : conversion from 'int' to 'float', possible loss of data
     1>..\Exercise2\Exercise2\RegistrationViewer.cc(429): warning C4244: 'initializing' : conversion from 'int' to 'float', possible loss of data
     1>..\Exercise2\Exercise2\RegistrationViewer.cc(438): warning C4244: 'initializing' : conversion from 'double' to 'float', possible loss of data
     1>..\Exercise2\Exercise2\RegistrationViewer.cc(441): warning C4244: 'initializing' : conversion from 'double' to 'float', possible loss of data
     1>..\Exercise2\Exercise2\RegistrationViewer.cc(445): warning C4244: 'argument' : conversion from 'double' to 'float', possible loss of data
     1>..\Exercise2\Exercise2\RegistrationViewer.cc(445): warning C4244: 'argument' : conversion from 'double' to 'float', possible loss of data
     1>..\Exercise2\Exercise2\RegistrationViewer.cc(772): warning C4018: '<' : signed/unsigned mismatch
     1>..\Exercise2\Exercise2\RegistrationViewer.cc(774): warning C4244: 'argument' : conversion from 'double' to 'float', possible loss of data
     1>..\Exercise2\Exercise2\RegistrationViewer.cc(786): warning C4018: '<' : signed/unsigned mismatch
     1>..\Exercise2\Exercise2\RegistrationViewer.cc(793): warning C4244: 'initializing' : conversion from 'double' to 'float', possible loss of data
     1>..\Exercise2\Exercise2\RegistrationViewer.cc(794): warning C4244: 'initializing' : conversion from 'double' to 'float', possible loss of data
         Generating Code...
       Link:
         C:\Program Files\Microsoft Visual Studio 10.0\VC\bin\link.exe /ERRORREPORT:PROMPT /OUT:"C:\Users\RezaulAkram\Documents\Projects\cs599\Exercise2\Exercise2\Exercise2\bin\Release\exercise2.exe" /INCREMENTAL:NO /NOLOGO kernel32.lib user32.lib gdi32.lib winspool.lib shell32.lib ole32.lib oleaut32.lib uuid.lib comdlg32.lib advapi32.lib glu32.lib opengl32.lib "C:\freeglut-2.8.1\freeglut-2.8.1\lib\x86\freeglut.lib" "C:\OpenMesh-2.4.1\lib\libOpenMeshCore.lib" "C:\OpenMesh-2.4.1\lib\libOpenMeshTools.lib" C:\Users\RezaulAkram\Documents\Projects\cs599\Exercise2\Exercise2\Exercise2\lib\Release\ann.lib /MANIFEST /ManifestFile:"exercise2.dir\Release\exercise2.exe.intermediate.manifest" /MANIFESTUAC:"level='asInvoker' uiAccess='false'" /PDB:"C:/Users/RezaulAkram/Documents/Projects/cs599/Exercise2/Exercise2/Exercise2/bin/Release/exercise2.pdb" /SUBSYSTEM:CONSOLE /TLBID:1 /DYNAMICBASE /NXCOMPAT /IMPLIB:"C:/Users/RezaulAkram/Documents/Projects/cs599/Exercise2/Exercise2/Exercise2/lib/Release/exercise2.lib" /MACHINE:X86 exercise2.dir\Release\ClosestPoint.obj
         exercise2.dir\Release\GlutExaminer.obj
         exercise2.dir\Release\GlutViewer.obj
         exercise2.dir\Release\Registration.obj
         exercise2.dir\Release\registrationview.obj
         exercise2.dir\Release\RegistrationViewer.obj
         exercise2.dir\Release\Transformation.obj  /machine:X86 
         exercise2.vcxproj -> C:\Users\RezaulAkram\Documents\Projects\cs599\Exercise2\Exercise2\Exercise2\bin\Release\exercise2.exe
       Manifest:
         C:\Program Files\Microsoft SDKs\Windows\v7.0A\bin\mt.exe /nologo /verbose /outputresource:"C:\Users\RezaulAkram\Documents\Projects\cs599\Exercise2\Exercise2\Exercise2\bin\Release\exercise2.exe;#1" /manifest exercise2.dir\Release\exercise2.exe.intermediate.manifest
       FinalizeBuildStatus:
         Deleting file "exercise2.dir\Release\exercise2.unsuccessfulbuild".
         Touching "exercise2.dir\Release\exercise2.lastbuildstate".
     1>Done Building Project "C:\Users\RezaulAkram\Documents\Projects\cs599\Exercise2\project\exercise2.vcxproj" (build target(s)).

Build succeeded.

Time Elapsed 00:00:08.61
